<?xml version="1.0" encoding="UTF-8"?>
<!-- Generated by org.testng.reporters.JUnitReportReporter -->
<testsuite hostname="Sumits-Air.Dlink" failures="0" tests="1" name="com.webApplication.Automation.TestNG.TestNGAnnotation" time="0.005" errors="0" timestamp="28 Aug 2019 04:38:54 GMT" skipped="0">
  <testcase classname="com.webApplication.Automation.TestNG.TestNGAnnotation" name="test1" time="0.005"/>
</testsuite> <!-- com.webApplication.Automation.TestNG.TestNGAnnotation -->
