<?xml version="1.0" encoding="UTF-8"?>
<!-- Generated by org.testng.reporters.JUnitReportReporter -->
<testsuite hostname="Sumits-Air.Dlink" failures="0" tests="1" name="com.webApplication.Automation.TestNG.TestNGAnnotation2" time="0.004" errors="0" timestamp="28 Aug 2019 04:38:54 GMT" skipped="0">
  <testcase classname="com.webApplication.Automation.TestNG.TestNGAnnotation2" name="test1" time="0.004"/>
</testsuite> <!-- com.webApplication.Automation.TestNG.TestNGAnnotation2 -->
